<?xml version="1.0" encoding="UTF-8"?>
<coverage generated="1781299460596" clover="3.2.0">
  <project timestamp="1781299460596" name="All files">
    <metrics statements="81" coveredstatements="44" conditionals="55" coveredconditionals="18" methods="16" coveredmethods="11" elements="152" coveredelements="73" complexity="0" loc="81" ncloc="81" packages="2" files="3" classes="3"/>
    <package name="Components">
      <metrics statements="24" coveredstatements="17" conditionals="25" coveredconditionals="9" methods="7" coveredmethods="5"/>
      <file name="Loader.jsx" path="C:\Users\myste\MyMDentalCommerce\MyMDentalFrontend\src\Components\Loader.jsx">
        <metrics statements="1" coveredstatements="0" conditionals="1" coveredconditionals="0" methods="1" coveredmethods="0"/>
        <line num="5" count="0" type="stmt"/>
      </file>
      <file name="Productos.jsx" path="C:\Users\myste\MyMDentalCommerce\MyMDentalFrontend\src\Components\Productos.jsx">
        <metrics statements="23" coveredstatements="17" conditionals="24" coveredconditionals="9" methods="6" coveredmethods="5"/>
        <line num="14" count="5" type="stmt"/>
        <line num="15" count="5" type="stmt"/>
        <line num="16" count="5" type="stmt"/>
        <line num="18" count="5" type="stmt"/>
        <line num="20" count="5" type="cond" truecount="3" falsecount="1"/>
        <line num="21" count="0" type="stmt"/>
        <line num="26" count="5" type="cond" truecount="1" falsecount="1"/>
        <line num="27" count="0" type="cond" truecount="0" falsecount="2"/>
        <line num="29" count="0" type="cond" truecount="0" falsecount="2"/>
        <line num="31" count="0" type="stmt"/>
        <line num="36" count="0" type="stmt"/>
        <line num="41" count="5" type="cond" truecount="1" falsecount="1"/>
        <line num="42" count="0" type="stmt"/>
        <line num="51" count="5" type="stmt"/>
        <line num="52" count="5" type="stmt"/>
        <line num="53" count="9" type="stmt"/>
        <line num="57" count="5" type="stmt"/>
        <line num="61" count="5" type="stmt"/>
        <line num="88" count="1" type="stmt"/>
        <line num="100" count="9" type="cond" truecount="2" falsecount="0"/>
        <line num="101" count="5" type="stmt"/>
        <line num="105" count="4" type="stmt"/>
        <line num="107" count="1" type="stmt"/>
      </file>
    </package>
    <package name="Pages">
      <metrics statements="57" coveredstatements="27" conditionals="30" coveredconditionals="9" methods="9" coveredmethods="6"/>
      <file name="Crear_cuenta.jsx" path="C:\Users\myste\MyMDentalCommerce\MyMDentalFrontend\src\Pages\Crear_cuenta.jsx">
        <metrics statements="57" coveredstatements="27" conditionals="30" coveredconditionals="9" methods="9" coveredmethods="6"/>
        <line num="6" count="12" type="stmt"/>
        <line num="7" count="12" type="stmt"/>
        <line num="8" count="12" type="stmt"/>
        <line num="9" count="12" type="stmt"/>
        <line num="10" count="12" type="stmt"/>
        <line num="11" count="12" type="stmt"/>
        <line num="12" count="12" type="stmt"/>
        <line num="13" count="12" type="stmt"/>
        <line num="16" count="12" type="stmt"/>
        <line num="17" count="3" type="stmt"/>
        <line num="18" count="3" type="stmt"/>
        <line num="21" count="3" type="stmt"/>
        <line num="22" count="3" type="stmt"/>
        <line num="23" count="3" type="stmt"/>
        <line num="29" count="3" type="cond" truecount="2" falsecount="0"/>
        <line num="30" count="1" type="stmt"/>
        <line num="31" count="1" type="stmt"/>
        <line num="34" count="2" type="cond" truecount="2" falsecount="0"/>
        <line num="35" count="1" type="stmt"/>
        <line num="36" count="1" type="stmt"/>
        <line num="39" count="3" type="cond" truecount="3" falsecount="1"/>
        <line num="40" count="1" type="stmt"/>
        <line num="41" count="1" type="stmt"/>
        <line num="44" count="0" type="cond" truecount="0" falsecount="2"/>
        <line num="45" count="0" type="stmt"/>
        <line num="46" count="0" type="stmt"/>
        <line num="49" count="0" type="cond" truecount="0" falsecount="2"/>
        <line num="50" count="0" type="stmt"/>
        <line num="51" count="0" type="stmt"/>
        <line num="54" count="0" type="cond" truecount="0" falsecount="2"/>
        <line num="55" count="0" type="stmt"/>
        <line num="56" count="0" type="stmt"/>
        <line num="59" count="0" type="cond" truecount="0" falsecount="2"/>
        <line num="60" count="0" type="stmt"/>
        <line num="61" count="0" type="stmt"/>
        <line num="64" count="0" type="cond" truecount="0" falsecount="4"/>
        <line num="66" count="0" type="stmt"/>
        <line num="67" count="0" type="stmt"/>
        <line num="70" count="0" type="cond" truecount="0" falsecount="4"/>
        <line num="72" count="0" type="stmt"/>
        <line num="73" count="0" type="stmt"/>
        <line num="76" count="0" type="cond" truecount="0" falsecount="2"/>
        <line num="77" count="0" type="stmt"/>
        <line num="78" count="0" type="stmt"/>
        <line num="83" count="0" type="stmt"/>
        <line num="84" count="0" type="stmt"/>
        <line num="99" count="0" type="cond" truecount="0" falsecount="2"/>
        <line num="100" count="0" type="stmt"/>
        <line num="103" count="0" type="stmt"/>
        <line num="106" count="0" type="stmt"/>
        <line num="111" count="12" type="stmt"/>
        <line num="122" count="3" type="stmt"/>
        <line num="129" count="2" type="stmt"/>
        <line num="138" count="1" type="stmt"/>
        <line num="147" count="0" type="stmt"/>
        <line num="154" count="0" type="stmt"/>
        <line num="163" count="0" type="stmt"/>
      </file>
    </package>
  </project>
</coverage>
