<?xml version="1.0" encoding="UTF-8"?>
<coverage generated="1781012737714" clover="3.2.0">
  <project timestamp="1781012737714" name="All files">
    <metrics statements="24" coveredstatements="17" conditionals="25" coveredconditionals="9" methods="7" coveredmethods="5" elements="56" coveredelements="31" complexity="0" loc="24" ncloc="24" packages="1" files="2" classes="2"/>
    <file name="Loader.jsx" path="C:\Users\myste\MyMDentalCommerce\MyMDentalFrontend\src\Components\Loader.jsx">
      <metrics statements="1" coveredstatements="0" conditionals="1" coveredconditionals="0" methods="1" coveredmethods="0"/>
      <line num="5" count="0" type="stmt"/>
    </file>
    <file name="Productos.jsx" path="C:\Users\myste\MyMDentalCommerce\MyMDentalFrontend\src\Components\Productos.jsx">
      <metrics statements="23" coveredstatements="17" conditionals="24" coveredconditionals="9" methods="6" coveredmethods="5"/>
      <line num="14" count="5" type="stmt"/>
      <line num="15" count="5" type="stmt"/>
      <line num="16" count="5" type="stmt"/>
      <line num="18" count="5" type="stmt"/>
      <line num="20" count="5" type="cond" truecount="3" falsecount="1"/>
      <line num="21" count="0" type="stmt"/>
      <line num="26" count="5" type="cond" truecount="1" falsecount="1"/>
      <line num="27" count="0" type="cond" truecount="0" falsecount="2"/>
      <line num="29" count="0" type="cond" truecount="0" falsecount="2"/>
      <line num="31" count="0" type="stmt"/>
      <line num="36" count="0" type="stmt"/>
      <line num="41" count="5" type="cond" truecount="1" falsecount="1"/>
      <line num="42" count="0" type="stmt"/>
      <line num="51" count="5" type="stmt"/>
      <line num="52" count="5" type="stmt"/>
      <line num="53" count="9" type="stmt"/>
      <line num="57" count="5" type="stmt"/>
      <line num="61" count="5" type="stmt"/>
      <line num="88" count="1" type="stmt"/>
      <line num="100" count="9" type="cond" truecount="2" falsecount="0"/>
      <line num="101" count="5" type="stmt"/>
      <line num="105" count="4" type="stmt"/>
      <line num="107" count="1" type="stmt"/>
    </file>
  </project>
</coverage>
