{"C:\\Users\\myste\\MyMDentalCommerce\\MyMDentalFrontend\\src\\Components\\Loader.jsx": {"path":"C:\\Users\\myste\\MyMDentalCommerce\\MyMDentalFrontend\\src\\Components\\Loader.jsx","statementMap":{"0":{"start":{"line":5,"column":2},"end":{"line":16,"column":3}}},"fnMap":{"0":{"name":"Loader","decl":{"start":{"line":4,"column":24},"end":{"line":4,"column":30}},"loc":{"start":{"line":4,"column":44},"end":{"line":17,"column":1}},"line":4}},"branchMap":{"0":{"loc":{"start":{"line":4,"column":32},"end":{"line":4,"column":41}},"type":"default-arg","locations":[{"start":{"line":4,"column":39},"end":{"line":4,"column":41}}],"line":4}},"s":{"0":0},"f":{"0":0},"b":{"0":[0]},"_coverageSchema":"1a1c01bbd47fc00a2c39e90264f33305004495a9","hash":"3c1143af3ca86cb105780273b7c4c4b86b1300a7"}
,"C:\\Users\\myste\\MyMDentalCommerce\\MyMDentalFrontend\\src\\Components\\Productos.jsx": {"path":"C:\\Users\\myste\\MyMDentalCommerce\\MyMDentalFrontend\\src\\Components\\Productos.jsx","statementMap":{"0":{"start":{"line":14,"column":40},"end":{"line":14,"column":79}},"1":{"start":{"line":15,"column":72},"end":{"line":15,"column":85}},"2":{"start":{"line":16,"column":102},"end":{"line":16,"column":112}},"3":{"start":{"line":18,"column":22},"end":{"line":18,"column":34}},"4":{"start":{"line":20,"column":2},"end":{"line":24,"column":3}},"5":{"start":{"line":21,"column":4},"end":{"line":23,"column":5}},"6":{"start":{"line":26,"column":2},"end":{"line":39,"column":3}},"7":{"start":{"line":27,"column":19},"end":{"line":27,"column":51}},"8":{"start":{"line":29,"column":6},"end":{"line":29,"column":37}},"9":{"start":{"line":31,"column":4},"end":{"line":38,"column":5}},"10":{"start":{"line":36,"column":31},"end":{"line":36,"column":54}},"11":{"start":{"line":41,"column":2},"end":{"line":49,"column":3}},"12":{"start":{"line":42,"column":4},"end":{"line":48,"column":6}},"13":{"start":{"line":51,"column":21},"end":{"line":51,"column":23}},"14":{"start":{"line":52,"column":2},"end":{"line":54,"column":3}},"15":{"start":{"line":52,"column":15},"end":{"line":52,"column":16}},"16":{"start":{"line":53,"column":4},"end":{"line":53,"column":24}},"17":{"start":{"line":57,"column":2},"end":{"line":116,"column":3}},"18":{"start":{"line":61,"column":8},"end":{"line":93,"column":14}},"19":{"start":{"line":88,"column":29},"end":{"line":88,"column":48}},"20":{"start":{"line":100,"column":12},"end":{"line":110,"column":13}},"21":{"start":{"line":101,"column":14},"end":{"line":103,"column":16}},"22":{"start":{"line":105,"column":14},"end":{"line":109,"column":16}},"23":{"start":{"line":107,"column":31},"end":{"line":107,"column":64}}},"fnMap":{"0":{"name":"Productos","decl":{"start":{"line":12,"column":24},"end":{"line":12,"column":33}},"loc":{"start":{"line":12,"column":71},"end":{"line":117,"column":1}},"line":12},"1":{"name":"(anonymous_1)","decl":{"start":{"line":36,"column":25},"end":{"line":36,"column":26}},"loc":{"start":{"line":36,"column":31},"end":{"line":36,"column":54}},"line":36},"2":{"name":"(anonymous_2)","decl":{"start":{"line":60,"column":20},"end":{"line":60,"column":21}},"loc":{"start":{"line":61,"column":8},"end":{"line":93,"column":14}},"line":61},"3":{"name":"(anonymous_3)","decl":{"start":{"line":88,"column":23},"end":{"line":88,"column":24}},"loc":{"start":{"line":88,"column":29},"end":{"line":88,"column":48}},"line":88},"4":{"name":"(anonymous_4)","decl":{"start":{"line":99,"column":28},"end":{"line":99,"column":29}},"loc":{"start":{"line":99,"column":45},"end":{"line":111,"column":11}},"line":99},"5":{"name":"(anonymous_5)","decl":{"start":{"line":107,"column":25},"end":{"line":107,"column":26}},"loc":{"start":{"line":107,"column":31},"end":{"line":107,"column":64}},"line":107}},"branchMap":{"0":{"loc":{"start":{"line":12,"column":36},"end":{"line":12,"column":54}},"type":"default-arg","locations":[{"start":{"line":12,"column":49},"end":{"line":12,"column":54}}],"line":12},"1":{"loc":{"start":{"line":12,"column":56},"end":{"line":12,"column":67}},"type":"default-arg","locations":[{"start":{"line":12,"column":65},"end":{"line":12,"column":67}}],"line":12},"2":{"loc":{"start":{"line":20,"column":2},"end":{"line":24,"column":3}},"type":"if","locations":[{"start":{"line":20,"column":2},"end":{"line":24,"column":3}},{"start":{},"end":{}}],"line":20},"3":{"loc":{"start":{"line":20,"column":6},"end":{"line":20,"column":29}},"type":"binary-expr","locations":[{"start":{"line":20,"column":6},"end":{"line":20,"column":13}},{"start":{"line":20,"column":17},"end":{"line":20,"column":29}}],"line":20},"4":{"loc":{"start":{"line":26,"column":2},"end":{"line":39,"column":3}},"type":"if","locations":[{"start":{"line":26,"column":2},"end":{"line":39,"column":3}},{"start":{},"end":{}}],"line":26},"5":{"loc":{"start":{"line":27,"column":19},"end":{"line":27,"column":51}},"type":"binary-expr","locations":[{"start":{"line":27,"column":19},"end":{"line":27,"column":34}},{"start":{"line":27,"column":38},"end":{"line":27,"column":51}}],"line":27},"6":{"loc":{"start":{"line":29,"column":6},"end":{"line":29,"column":37}},"type":"binary-expr","locations":[{"start":{"line":29,"column":6},"end":{"line":29,"column":24}},{"start":{"line":29,"column":28},"end":{"line":29,"column":37}}],"line":29},"7":{"loc":{"start":{"line":34,"column":18},"end":{"line":34,"column":46}},"type":"binary-expr","locations":[{"start":{"line":34,"column":18},"end":{"line":34,"column":33}},{"start":{"line":34,"column":37},"end":{"line":34,"column":46}}],"line":34},"8":{"loc":{"start":{"line":35,"column":21},"end":{"line":35,"column":52}},"type":"binary-expr","locations":[{"start":{"line":35,"column":21},"end":{"line":35,"column":39}},{"start":{"line":35,"column":43},"end":{"line":35,"column":52}}],"line":35},"9":{"loc":{"start":{"line":41,"column":2},"end":{"line":49,"column":3}},"type":"if","locations":[{"start":{"line":41,"column":2},"end":{"line":49,"column":3}},{"start":{},"end":{}}],"line":41},"10":{"loc":{"start":{"line":45,"column":16},"end":{"line":45,"column":49}},"type":"binary-expr","locations":[{"start":{"line":45,"column":16},"end":{"line":45,"column":36}},{"start":{"line":45,"column":40},"end":{"line":45,"column":49}}],"line":45},"11":{"loc":{"start":{"line":46,"column":19},"end":{"line":46,"column":55}},"type":"binary-expr","locations":[{"start":{"line":46,"column":19},"end":{"line":46,"column":42}},{"start":{"line":46,"column":46},"end":{"line":46,"column":55}}],"line":46},"12":{"loc":{"start":{"line":100,"column":12},"end":{"line":110,"column":13}},"type":"if","locations":[{"start":{"line":100,"column":12},"end":{"line":110,"column":13}},{"start":{"line":104,"column":17},"end":{"line":110,"column":13}}],"line":100}},"s":{"0":5,"1":5,"2":5,"3":5,"4":5,"5":0,"6":5,"7":0,"8":0,"9":0,"10":0,"11":5,"12":0,"13":5,"14":5,"15":5,"16":9,"17":5,"18":5,"19":1,"20":9,"21":5,"22":4,"23":1},"f":{"0":5,"1":0,"2":5,"3":1,"4":9,"5":1},"b":{"0":[5],"1":[5],"2":[0,5],"3":[5,5],"4":[0,5],"5":[0,0],"6":[0,0],"7":[0,0],"8":[0,0],"9":[0,5],"10":[0,0],"11":[0,0],"12":[5,4]},"_coverageSchema":"1a1c01bbd47fc00a2c39e90264f33305004495a9","hash":"bef2e2dddb09806569d8d94aebcb4a7660ba2129"}
}
