{"C:\\Users\\myste\\MyMDentalCommerce\\MyMDentalFrontend\\src\\Components\\Loader.jsx": {"path":"C:\\Users\\myste\\MyMDentalCommerce\\MyMDentalFrontend\\src\\Components\\Loader.jsx","statementMap":{"0":{"start":{"line":5,"column":2},"end":{"line":16,"column":3}}},"fnMap":{"0":{"name":"Loader","decl":{"start":{"line":4,"column":24},"end":{"line":4,"column":30}},"loc":{"start":{"line":4,"column":44},"end":{"line":17,"column":1}},"line":4}},"branchMap":{"0":{"loc":{"start":{"line":4,"column":32},"end":{"line":4,"column":41}},"type":"default-arg","locations":[{"start":{"line":4,"column":39},"end":{"line":4,"column":41}}],"line":4}},"s":{"0":0},"f":{"0":0},"b":{"0":[0]},"_coverageSchema":"1a1c01bbd47fc00a2c39e90264f33305004495a9","hash":"3c1143af3ca86cb105780273b7c4c4b86b1300a7"}
,"C:\\Users\\myste\\MyMDentalCommerce\\MyMDentalFrontend\\src\\Components\\Productos.jsx": {"path":"C:\\Users\\myste\\MyMDentalCommerce\\MyMDentalFrontend\\src\\Components\\Productos.jsx","statementMap":{"0":{"start":{"line":14,"column":40},"end":{"line":14,"column":79}},"1":{"start":{"line":15,"column":72},"end":{"line":15,"column":85}},"2":{"start":{"line":16,"column":102},"end":{"line":16,"column":112}},"3":{"start":{"line":18,"column":22},"end":{"line":18,"column":34}},"4":{"start":{"line":20,"column":2},"end":{"line":24,"column":3}},"5":{"start":{"line":21,"column":4},"end":{"line":23,"column":5}},"6":{"start":{"line":26,"column":2},"end":{"line":39,"column":3}},"7":{"start":{"line":27,"column":19},"end":{"line":27,"column":51}},"8":{"start":{"line":29,"column":6},"end":{"line":29,"column":37}},"9":{"start":{"line":31,"column":4},"end":{"line":38,"column":5}},"10":{"start":{"line":36,"column":31},"end":{"line":36,"column":54}},"11":{"start":{"line":41,"column":2},"end":{"line":49,"column":3}},"12":{"start":{"line":42,"column":4},"end":{"line":48,"column":6}},"13":{"start":{"line":51,"column":21},"end":{"line":51,"column":23}},"14":{"start":{"line":52,"column":2},"end":{"line":54,"column":3}},"15":{"start":{"line":52,"column":15},"end":{"line":52,"column":16}},"16":{"start":{"line":53,"column":4},"end":{"line":53,"column":24}},"17":{"start":{"line":57,"column":2},"end":{"line":116,"column":3}},"18":{"start":{"line":61,"column":8},"end":{"line":93,"column":14}},"19":{"start":{"line":88,"column":29},"end":{"line":88,"column":48}},"20":{"start":{"line":100,"column":12},"end":{"line":110,"column":13}},"21":{"start":{"line":101,"column":14},"end":{"line":103,"column":16}},"22":{"start":{"line":105,"column":14},"end":{"line":109,"column":16}},"23":{"start":{"line":107,"column":31},"end":{"line":107,"column":64}}},"fnMap":{"0":{"name":"Productos","decl":{"start":{"line":12,"column":24},"end":{"line":12,"column":33}},"loc":{"start":{"line":12,"column":71},"end":{"line":117,"column":1}},"line":12},"1":{"name":"(anonymous_1)","decl":{"start":{"line":36,"column":25},"end":{"line":36,"column":26}},"loc":{"start":{"line":36,"column":31},"end":{"line":36,"column":54}},"line":36},"2":{"name":"(anonymous_2)","decl":{"start":{"line":60,"column":20},"end":{"line":60,"column":21}},"loc":{"start":{"line":61,"column":8},"end":{"line":93,"column":14}},"line":61},"3":{"name":"(anonymous_3)","decl":{"start":{"line":88,"column":23},"end":{"line":88,"column":24}},"loc":{"start":{"line":88,"column":29},"end":{"line":88,"column":48}},"line":88},"4":{"name":"(anonymous_4)","decl":{"start":{"line":99,"column":28},"end":{"line":99,"column":29}},"loc":{"start":{"line":99,"column":45},"end":{"line":111,"column":11}},"line":99},"5":{"name":"(anonymous_5)","decl":{"start":{"line":107,"column":25},"end":{"line":107,"column":26}},"loc":{"start":{"line":107,"column":31},"end":{"line":107,"column":64}},"line":107}},"branchMap":{"0":{"loc":{"start":{"line":12,"column":36},"end":{"line":12,"column":54}},"type":"default-arg","locations":[{"start":{"line":12,"column":49},"end":{"line":12,"column":54}}],"line":12},"1":{"loc":{"start":{"line":12,"column":56},"end":{"line":12,"column":67}},"type":"default-arg","locations":[{"start":{"line":12,"column":65},"end":{"line":12,"column":67}}],"line":12},"2":{"loc":{"start":{"line":20,"column":2},"end":{"line":24,"column":3}},"type":"if","locations":[{"start":{"line":20,"column":2},"end":{"line":24,"column":3}},{"start":{},"end":{}}],"line":20},"3":{"loc":{"start":{"line":20,"column":6},"end":{"line":20,"column":29}},"type":"binary-expr","locations":[{"start":{"line":20,"column":6},"end":{"line":20,"column":13}},{"start":{"line":20,"column":17},"end":{"line":20,"column":29}}],"line":20},"4":{"loc":{"start":{"line":26,"column":2},"end":{"line":39,"column":3}},"type":"if","locations":[{"start":{"line":26,"column":2},"end":{"line":39,"column":3}},{"start":{},"end":{}}],"line":26},"5":{"loc":{"start":{"line":27,"column":19},"end":{"line":27,"column":51}},"type":"binary-expr","locations":[{"start":{"line":27,"column":19},"end":{"line":27,"column":34}},{"start":{"line":27,"column":38},"end":{"line":27,"column":51}}],"line":27},"6":{"loc":{"start":{"line":29,"column":6},"end":{"line":29,"column":37}},"type":"binary-expr","locations":[{"start":{"line":29,"column":6},"end":{"line":29,"column":24}},{"start":{"line":29,"column":28},"end":{"line":29,"column":37}}],"line":29},"7":{"loc":{"start":{"line":34,"column":18},"end":{"line":34,"column":46}},"type":"binary-expr","locations":[{"start":{"line":34,"column":18},"end":{"line":34,"column":33}},{"start":{"line":34,"column":37},"end":{"line":34,"column":46}}],"line":34},"8":{"loc":{"start":{"line":35,"column":21},"end":{"line":35,"column":52}},"type":"binary-expr","locations":[{"start":{"line":35,"column":21},"end":{"line":35,"column":39}},{"start":{"line":35,"column":43},"end":{"line":35,"column":52}}],"line":35},"9":{"loc":{"start":{"line":41,"column":2},"end":{"line":49,"column":3}},"type":"if","locations":[{"start":{"line":41,"column":2},"end":{"line":49,"column":3}},{"start":{},"end":{}}],"line":41},"10":{"loc":{"start":{"line":45,"column":16},"end":{"line":45,"column":49}},"type":"binary-expr","locations":[{"start":{"line":45,"column":16},"end":{"line":45,"column":36}},{"start":{"line":45,"column":40},"end":{"line":45,"column":49}}],"line":45},"11":{"loc":{"start":{"line":46,"column":19},"end":{"line":46,"column":55}},"type":"binary-expr","locations":[{"start":{"line":46,"column":19},"end":{"line":46,"column":42}},{"start":{"line":46,"column":46},"end":{"line":46,"column":55}}],"line":46},"12":{"loc":{"start":{"line":100,"column":12},"end":{"line":110,"column":13}},"type":"if","locations":[{"start":{"line":100,"column":12},"end":{"line":110,"column":13}},{"start":{"line":104,"column":17},"end":{"line":110,"column":13}}],"line":100}},"s":{"0":5,"1":5,"2":5,"3":5,"4":5,"5":0,"6":5,"7":0,"8":0,"9":0,"10":0,"11":5,"12":0,"13":5,"14":5,"15":5,"16":9,"17":5,"18":5,"19":1,"20":9,"21":5,"22":4,"23":1},"f":{"0":5,"1":0,"2":5,"3":1,"4":9,"5":1},"b":{"0":[5],"1":[5],"2":[0,5],"3":[5,5],"4":[0,5],"5":[0,0],"6":[0,0],"7":[0,0],"8":[0,0],"9":[0,5],"10":[0,0],"11":[0,0],"12":[5,4]},"_coverageSchema":"1a1c01bbd47fc00a2c39e90264f33305004495a9","hash":"bef2e2dddb09806569d8d94aebcb4a7660ba2129"}
,"C:\\Users\\myste\\MyMDentalCommerce\\MyMDentalFrontend\\src\\Pages\\Crear_cuenta.jsx": {"path":"C:\\Users\\myste\\MyMDentalCommerce\\MyMDentalFrontend\\src\\Pages\\Crear_cuenta.jsx","statementMap":{"0":{"start":{"line":6,"column":32},"end":{"line":6,"column":44}},"1":{"start":{"line":7,"column":36},"end":{"line":7,"column":48}},"2":{"start":{"line":8,"column":30},"end":{"line":8,"column":42}},"3":{"start":{"line":9,"column":36},"end":{"line":9,"column":48}},"4":{"start":{"line":10,"column":38},"end":{"line":10,"column":50}},"5":{"start":{"line":11,"column":36},"end":{"line":11,"column":48}},"6":{"start":{"line":12,"column":26},"end":{"line":12,"column":44}},"7":{"start":{"line":13,"column":34},"end":{"line":13,"column":48}},"8":{"start":{"line":16,"column":22},"end":{"line":108,"column":1}},"9":{"start":{"line":17,"column":4},"end":{"line":17,"column":23}},"10":{"start":{"line":18,"column":4},"end":{"line":18,"column":19}},"11":{"start":{"line":21,"column":22},"end":{"line":21,"column":70}},"12":{"start":{"line":22,"column":24},"end":{"line":22,"column":165}},"13":{"start":{"line":23,"column":20},"end":{"line":23,"column":66}},"14":{"start":{"line":29,"column":4},"end":{"line":32,"column":5}},"15":{"start":{"line":30,"column":8},"end":{"line":30,"column":65}},"16":{"start":{"line":31,"column":8},"end":{"line":31,"column":15}},"17":{"start":{"line":34,"column":4},"end":{"line":37,"column":5}},"18":{"start":{"line":35,"column":8},"end":{"line":35,"column":67}},"19":{"start":{"line":36,"column":8},"end":{"line":36,"column":15}},"20":{"start":{"line":39,"column":4},"end":{"line":42,"column":5}},"21":{"start":{"line":39,"column":58},"end":{"line":39,"column":80}},"22":{"start":{"line":40,"column":8},"end":{"line":40,"column":44}},"23":{"start":{"line":41,"column":8},"end":{"line":41,"column":15}},"24":{"start":{"line":44,"column":4},"end":{"line":47,"column":5}},"25":{"start":{"line":45,"column":8},"end":{"line":45,"column":64}},"26":{"start":{"line":46,"column":8},"end":{"line":46,"column":15}},"27":{"start":{"line":49,"column":4},"end":{"line":52,"column":5}},"28":{"start":{"line":50,"column":8},"end":{"line":50,"column":69}},"29":{"start":{"line":51,"column":8},"end":{"line":51,"column":15}},"30":{"start":{"line":54,"column":4},"end":{"line":57,"column":5}},"31":{"start":{"line":55,"column":8},"end":{"line":55,"column":51}},"32":{"start":{"line":56,"column":8},"end":{"line":56,"column":15}},"33":{"start":{"line":59,"column":4},"end":{"line":62,"column":5}},"34":{"start":{"line":60,"column":8},"end":{"line":60,"column":55}},"35":{"start":{"line":61,"column":8},"end":{"line":61,"column":15}},"36":{"start":{"line":64,"column":4},"end":{"line":68,"column":5}},"37":{"start":{"line":66,"column":8},"end":{"line":66,"column":83}},"38":{"start":{"line":67,"column":8},"end":{"line":67,"column":15}},"39":{"start":{"line":70,"column":4},"end":{"line":74,"column":5}},"40":{"start":{"line":72,"column":8},"end":{"line":72,"column":85}},"41":{"start":{"line":73,"column":8},"end":{"line":73,"column":15}},"42":{"start":{"line":76,"column":4},"end":{"line":79,"column":5}},"43":{"start":{"line":77,"column":4},"end":{"line":77,"column":70}},"44":{"start":{"line":78,"column":4},"end":{"line":78,"column":11}},"45":{"start":{"line":83,"column":4},"end":{"line":107,"column":5}},"46":{"start":{"line":84,"column":25},"end":{"line":97,"column":10}},"47":{"start":{"line":99,"column":8},"end":{"line":101,"column":9}},"48":{"start":{"line":100,"column":12},"end":{"line":100,"column":50}},"49":{"start":{"line":103,"column":8},"end":{"line":103,"column":45}},"50":{"start":{"line":106,"column":8},"end":{"line":106,"column":26}},"51":{"start":{"line":111,"column":4},"end":{"line":171,"column":3}},"52":{"start":{"line":122,"column":37},"end":{"line":122,"column":62}},"53":{"start":{"line":129,"column":37},"end":{"line":129,"column":64}},"54":{"start":{"line":138,"column":33},"end":{"line":138,"column":57}},"55":{"start":{"line":147,"column":37},"end":{"line":147,"column":64}},"56":{"start":{"line":154,"column":37},"end":{"line":154,"column":65}},"57":{"start":{"line":163,"column":33},"end":{"line":163,"column":60}}},"fnMap":{"0":{"name":"Crear_cuenta","decl":{"start":{"line":5,"column":24},"end":{"line":5,"column":36}},"loc":{"start":{"line":5,"column":39},"end":{"line":172,"column":1}},"line":5},"1":{"name":"(anonymous_1)","decl":{"start":{"line":16,"column":22},"end":{"line":16,"column":23}},"loc":{"start":{"line":16,"column":35},"end":{"line":108,"column":1}},"line":16},"2":{"name":"(anonymous_2)","decl":{"start":{"line":39,"column":48},"end":{"line":39,"column":49}},"loc":{"start":{"line":39,"column":58},"end":{"line":39,"column":80}},"line":39},"3":{"name":"(anonymous_3)","decl":{"start":{"line":122,"column":30},"end":{"line":122,"column":31}},"loc":{"start":{"line":122,"column":37},"end":{"line":122,"column":62}},"line":122},"4":{"name":"(anonymous_4)","decl":{"start":{"line":129,"column":30},"end":{"line":129,"column":31}},"loc":{"start":{"line":129,"column":37},"end":{"line":129,"column":64}},"line":129},"5":{"name":"(anonymous_5)","decl":{"start":{"line":138,"column":26},"end":{"line":138,"column":27}},"loc":{"start":{"line":138,"column":33},"end":{"line":138,"column":57}},"line":138},"6":{"name":"(anonymous_6)","decl":{"start":{"line":147,"column":30},"end":{"line":147,"column":31}},"loc":{"start":{"line":147,"column":37},"end":{"line":147,"column":64}},"line":147},"7":{"name":"(anonymous_7)","decl":{"start":{"line":154,"column":30},"end":{"line":154,"column":31}},"loc":{"start":{"line":154,"column":37},"end":{"line":154,"column":65}},"line":154},"8":{"name":"(anonymous_8)","decl":{"start":{"line":163,"column":26},"end":{"line":163,"column":27}},"loc":{"start":{"line":163,"column":33},"end":{"line":163,"column":60}},"line":163}},"branchMap":{"0":{"loc":{"start":{"line":29,"column":4},"end":{"line":32,"column":5}},"type":"if","locations":[{"start":{"line":29,"column":4},"end":{"line":32,"column":5}},{"start":{},"end":{}}],"line":29},"1":{"loc":{"start":{"line":34,"column":4},"end":{"line":37,"column":5}},"type":"if","locations":[{"start":{"line":34,"column":4},"end":{"line":37,"column":5}},{"start":{},"end":{}}],"line":34},"2":{"loc":{"start":{"line":39,"column":4},"end":{"line":42,"column":5}},"type":"if","locations":[{"start":{"line":39,"column":4},"end":{"line":42,"column":5}},{"start":{},"end":{}}],"line":39},"3":{"loc":{"start":{"line":39,"column":8},"end":{"line":39,"column":81}},"type":"binary-expr","locations":[{"start":{"line":39,"column":8},"end":{"line":39,"column":24}},{"start":{"line":39,"column":28},"end":{"line":39,"column":81}}],"line":39},"4":{"loc":{"start":{"line":44,"column":4},"end":{"line":47,"column":5}},"type":"if","locations":[{"start":{"line":44,"column":4},"end":{"line":47,"column":5}},{"start":{},"end":{}}],"line":44},"5":{"loc":{"start":{"line":49,"column":4},"end":{"line":52,"column":5}},"type":"if","locations":[{"start":{"line":49,"column":4},"end":{"line":52,"column":5}},{"start":{},"end":{}}],"line":49},"6":{"loc":{"start":{"line":54,"column":4},"end":{"line":57,"column":5}},"type":"if","locations":[{"start":{"line":54,"column":4},"end":{"line":57,"column":5}},{"start":{},"end":{}}],"line":54},"7":{"loc":{"start":{"line":59,"column":4},"end":{"line":62,"column":5}},"type":"if","locations":[{"start":{"line":59,"column":4},"end":{"line":62,"column":5}},{"start":{},"end":{}}],"line":59},"8":{"loc":{"start":{"line":64,"column":4},"end":{"line":68,"column":5}},"type":"if","locations":[{"start":{"line":64,"column":4},"end":{"line":68,"column":5}},{"start":{},"end":{}}],"line":64},"9":{"loc":{"start":{"line":64,"column":8},"end":{"line":65,"column":43}},"type":"binary-expr","locations":[{"start":{"line":64,"column":8},"end":{"line":64,"column":39}},{"start":{"line":65,"column":8},"end":{"line":65,"column":43}}],"line":64},"10":{"loc":{"start":{"line":70,"column":4},"end":{"line":74,"column":5}},"type":"if","locations":[{"start":{"line":70,"column":4},"end":{"line":74,"column":5}},{"start":{},"end":{}}],"line":70},"11":{"loc":{"start":{"line":70,"column":8},"end":{"line":71,"column":41}},"type":"binary-expr","locations":[{"start":{"line":70,"column":8},"end":{"line":70,"column":45}},{"start":{"line":71,"column":8},"end":{"line":71,"column":41}}],"line":70},"12":{"loc":{"start":{"line":76,"column":4},"end":{"line":79,"column":5}},"type":"if","locations":[{"start":{"line":76,"column":4},"end":{"line":79,"column":5}},{"start":{},"end":{}}],"line":76},"13":{"loc":{"start":{"line":99,"column":8},"end":{"line":101,"column":9}},"type":"if","locations":[{"start":{"line":99,"column":8},"end":{"line":101,"column":9}},{"start":{},"end":{}}],"line":99},"14":{"loc":{"start":{"line":168,"column":13},"end":{"line":168,"column":66}},"type":"binary-expr","locations":[{"start":{"line":168,"column":13},"end":{"line":168,"column":20}},{"start":{"line":168,"column":24},"end":{"line":168,"column":66}}],"line":168}},"s":{"0":12,"1":12,"2":12,"3":12,"4":12,"5":12,"6":12,"7":12,"8":12,"9":3,"10":3,"11":3,"12":3,"13":3,"14":3,"15":1,"16":1,"17":2,"18":1,"19":1,"20":1,"21":3,"22":1,"23":1,"24":0,"25":0,"26":0,"27":0,"28":0,"29":0,"30":0,"31":0,"32":0,"33":0,"34":0,"35":0,"36":0,"37":0,"38":0,"39":0,"40":0,"41":0,"42":0,"43":0,"44":0,"45":0,"46":0,"47":0,"48":0,"49":0,"50":0,"51":12,"52":3,"53":2,"54":1,"55":0,"56":0,"57":0},"f":{"0":12,"1":3,"2":3,"3":3,"4":2,"5":1,"6":0,"7":0,"8":0},"b":{"0":[1,2],"1":[1,1],"2":[1,0],"3":[1,1],"4":[0,0],"5":[0,0],"6":[0,0],"7":[0,0],"8":[0,0],"9":[0,0],"10":[0,0],"11":[0,0],"12":[0,0],"13":[0,0],"14":[12,3]},"_coverageSchema":"1a1c01bbd47fc00a2c39e90264f33305004495a9","hash":"e8e99c276e2822e3569316100f05786ae49da086"}
}
