TN:
SF:src\Components\Loader.jsx
FN:4,Loader
FNF:1
FNH:0
FNDA:0,Loader
DA:5,0
LF:1
LH:0
BRDA:4,0,0,0
BRF:1
BRH:0
end_of_record
TN:
SF:src\Components\Productos.jsx
FN:12,Productos
FN:36,(anonymous_1)
FN:60,(anonymous_2)
FN:88,(anonymous_3)
FN:99,(anonymous_4)
FN:107,(anonymous_5)
FNF:6
FNH:5
FNDA:5,Productos
FNDA:0,(anonymous_1)
FNDA:5,(anonymous_2)
FNDA:1,(anonymous_3)
FNDA:9,(anonymous_4)
FNDA:1,(anonymous_5)
DA:14,5
DA:15,5
DA:16,5
DA:18,5
DA:20,5
DA:21,0
DA:26,5
DA:27,0
DA:29,0
DA:31,0
DA:36,0
DA:41,5
DA:42,0
DA:51,5
DA:52,5
DA:53,9
DA:57,5
DA:61,5
DA:88,1
DA:100,9
DA:101,5
DA:105,4
DA:107,1
LF:23
LH:17
BRDA:12,0,0,5
BRDA:12,1,0,5
BRDA:20,2,0,0
BRDA:20,2,1,5
BRDA:20,3,0,5
BRDA:20,3,1,5
BRDA:26,4,0,0
BRDA:26,4,1,5
BRDA:27,5,0,0
BRDA:27,5,1,0
BRDA:29,6,0,0
BRDA:29,6,1,0
BRDA:34,7,0,0
BRDA:34,7,1,0
BRDA:35,8,0,0
BRDA:35,8,1,0
BRDA:41,9,0,0
BRDA:41,9,1,5
BRDA:45,10,0,0
BRDA:45,10,1,0
BRDA:46,11,0,0
BRDA:46,11,1,0
BRDA:100,12,0,5
BRDA:100,12,1,4
BRF:24
BRH:9
end_of_record
TN:
SF:src\Pages\Crear_cuenta.jsx
FN:5,Crear_cuenta
FN:16,(anonymous_1)
FN:39,(anonymous_2)
FN:122,(anonymous_3)
FN:129,(anonymous_4)
FN:138,(anonymous_5)
FN:147,(anonymous_6)
FN:154,(anonymous_7)
FN:163,(anonymous_8)
FNF:9
FNH:6
FNDA:12,Crear_cuenta
FNDA:3,(anonymous_1)
FNDA:3,(anonymous_2)
FNDA:3,(anonymous_3)
FNDA:2,(anonymous_4)
FNDA:1,(anonymous_5)
FNDA:0,(anonymous_6)
FNDA:0,(anonymous_7)
FNDA:0,(anonymous_8)
DA:6,12
DA:7,12
DA:8,12
DA:9,12
DA:10,12
DA:11,12
DA:12,12
DA:13,12
DA:16,12
DA:17,3
DA:18,3
DA:21,3
DA:22,3
DA:23,3
DA:29,3
DA:30,1
DA:31,1
DA:34,2
DA:35,1
DA:36,1
DA:39,3
DA:40,1
DA:41,1
DA:44,0
DA:45,0
DA:46,0
DA:49,0
DA:50,0
DA:51,0
DA:54,0
DA:55,0
DA:56,0
DA:59,0
DA:60,0
DA:61,0
DA:64,0
DA:66,0
DA:67,0
DA:70,0
DA:72,0
DA:73,0
DA:76,0
DA:77,0
DA:78,0
DA:83,0
DA:84,0
DA:99,0
DA:100,0
DA:103,0
DA:106,0
DA:111,12
DA:122,3
DA:129,2
DA:138,1
DA:147,0
DA:154,0
DA:163,0
LF:57
LH:27
BRDA:29,0,0,1
BRDA:29,0,1,2
BRDA:34,1,0,1
BRDA:34,1,1,1
BRDA:39,2,0,1
BRDA:39,2,1,0
BRDA:39,3,0,1
BRDA:39,3,1,1
BRDA:44,4,0,0
BRDA:44,4,1,0
BRDA:49,5,0,0
BRDA:49,5,1,0
BRDA:54,6,0,0
BRDA:54,6,1,0
BRDA:59,7,0,0
BRDA:59,7,1,0
BRDA:64,8,0,0
BRDA:64,8,1,0
BRDA:64,9,0,0
BRDA:64,9,1,0
BRDA:70,10,0,0
BRDA:70,10,1,0
BRDA:70,11,0,0
BRDA:70,11,1,0
BRDA:76,12,0,0
BRDA:76,12,1,0
BRDA:99,13,0,0
BRDA:99,13,1,0
BRDA:168,14,0,12
BRDA:168,14,1,3
BRF:30
BRH:9
end_of_record
