TN:
SF:src\Components\Loader.jsx
FN:4,Loader
FNF:1
FNH:0
FNDA:0,Loader
DA:5,0
LF:1
LH:0
BRDA:4,0,0,0
BRF:1
BRH:0
end_of_record
TN:
SF:src\Components\Productos.jsx
FN:12,Productos
FN:36,(anonymous_1)
FN:60,(anonymous_2)
FN:88,(anonymous_3)
FN:99,(anonymous_4)
FN:107,(anonymous_5)
FNF:6
FNH:5
FNDA:5,Productos
FNDA:0,(anonymous_1)
FNDA:5,(anonymous_2)
FNDA:1,(anonymous_3)
FNDA:9,(anonymous_4)
FNDA:1,(anonymous_5)
DA:14,5
DA:15,5
DA:16,5
DA:18,5
DA:20,5
DA:21,0
DA:26,5
DA:27,0
DA:29,0
DA:31,0
DA:36,0
DA:41,5
DA:42,0
DA:51,5
DA:52,5
DA:53,9
DA:57,5
DA:61,5
DA:88,1
DA:100,9
DA:101,5
DA:105,4
DA:107,1
LF:23
LH:17
BRDA:12,0,0,5
BRDA:12,1,0,5
BRDA:20,2,0,0
BRDA:20,2,1,5
BRDA:20,3,0,5
BRDA:20,3,1,5
BRDA:26,4,0,0
BRDA:26,4,1,5
BRDA:27,5,0,0
BRDA:27,5,1,0
BRDA:29,6,0,0
BRDA:29,6,1,0
BRDA:34,7,0,0
BRDA:34,7,1,0
BRDA:35,8,0,0
BRDA:35,8,1,0
BRDA:41,9,0,0
BRDA:41,9,1,5
BRDA:45,10,0,0
BRDA:45,10,1,0
BRDA:46,11,0,0
BRDA:46,11,1,0
BRDA:100,12,0,5
BRDA:100,12,1,4
BRF:24
BRH:9
end_of_record
